<?xml version="1.0" encoding="UTF-8"?>
<!-- Generated by org.testng.reporters.JUnitReportReporter -->
<testsuite hostname="DESKTOP-RK086OU" failures="0" tests="6" name="com.HRM.Testpages.LoginFunctinalityTest" time="73.060" errors="0" timestamp="2022-12-24T22:19:41 IST" skipped="0">
  <testcase classname="com.HRM.Testpages.LoginFunctinalityTest" name="Validate_PrinterSettings" time="0.002"/>
  <system-out/>
  <testcase classname="com.HRM.Testpages.LoginFunctinalityTest" name="Validate_LiginFunctionality" time="6.147"/>
  <system-out/>
  <testcase classname="com.HRM.Testpages.LoginFunctinalityTest" name="Validate_Sendkeys" time="10.308"/>
  <system-out/>
  <testcase classname="com.HRM.Testpages.LoginFunctinalityTest" name="Validate_InvalidSendkeys" time="15.517"/>
  <system-out/>
  <testcase classname="com.HRM.Testpages.LoginFunctinalityTest" name="Validate_SpecialCharSendkeys" time="25.591"/>
  <system-out/>
  <testcase classname="com.HRM.Testpages.LoginFunctinalityTest" name="Validate_ValidSendkeys" time="15.495"/>
  <system-out/>
</testsuite> <!-- com.HRM.Testpages.LoginFunctinalityTest -->
