<?xml version="1.0" encoding="UTF-8"?>
<!-- Generated by org.testng.reporters.JUnitReportReporter -->
<testsuite hostname="Gopi" failures="0" tests="3" name="com.HRM.Testpages.AddEmployee" time="56.069" errors="0" timestamp="2022-12-25T12:05:46 IST" skipped="0">
  <testcase classname="com.HRM.Testpages.AddEmployee" name="Validate_PrinterSettings" time="0.014"/>
  <system-out/>
  <testcase classname="com.HRM.Testpages.AddEmployee" name="Validate_ValidSendkeys" time="23.454"/>
  <system-out/>
  <testcase classname="com.HRM.Testpages.AddEmployee" name="Validate_Addemployee_click" time="32.601"/>
  <system-out/>
</testsuite> <!-- com.HRM.Testpages.AddEmployee -->
